<?xml version="1.0" encoding="UTF-8"?>
<!-- Generated by org.testng.reporters.JUnitReportReporter -->
<testsuite hostname="LAPTOP-169GVJDP" failures="0" tests="17" name="tests.lnk_test" time="31.454" errors="0" timestamp="2021-04-23T20:25:27 IDT" skipped="0">
  <testcase classname="tests.lnk_test" name="animal_link" time="0.668"/>
  <system-out/>
  <testcase classname="tests.lnk_test" name="animal_link" time="0.706"/>
  <system-out/>
  <testcase classname="tests.lnk_test" name="animal_link" time="10.448"/>
  <system-out/>
  <testcase classname="tests.lnk_test" name="animal_link" time="0.669"/>
  <system-out/>
  <testcase classname="tests.lnk_test" name="animal_link" time="0.642"/>
  <system-out/>
  <testcase classname="tests.lnk_test" name="animal_link" time="10.319"/>
  <system-out/>
  <testcase classname="tests.lnk_test" name="animal_link" time="0.588"/>
  <system-out/>
  <testcase classname="tests.lnk_test" name="animal_link" time="0.702"/>
  <system-out/>
  <testcase classname="tests.lnk_test" name="animal_link" time="0.616"/>
  <system-out/>
  <testcase classname="tests.lnk_test" name="animal_link" time="0.680"/>
  <system-out/>
  <testcase classname="tests.lnk_test" name="animal_link" time="1.319"/>
  <system-out/>
  <testcase classname="tests.lnk_test" name="animal_link" time="0.583"/>
  <system-out/>
  <testcase classname="tests.lnk_test" name="animal_link" time="0.625"/>
  <system-out/>
  <testcase classname="tests.lnk_test" name="animal_link" time="0.757"/>
  <system-out/>
  <testcase classname="tests.lnk_test" name="animal_link" time="0.696"/>
  <system-out/>
  <testcase classname="tests.lnk_test" name="animal_link" time="0.668"/>
  <system-out/>
  <testcase classname="tests.lnk_test" name="animal_link" time="0.768"/>
  <system-out/>
</testsuite> <!-- tests.lnk_test -->
