<?xml version="1.0" encoding="UTF-8"?>
<!-- Generated by org.testng.reporters.JUnitReportReporter -->
<testsuite hostname="LAPTOP-169GVJDP" failures="0" tests="4" name="tests.log_test" time="14.813" errors="0" timestamp="2021-04-23T20:24:01 IDT" skipped="0">
  <testcase classname="tests.log_test" name="wrong_data" time="1.436"/>
  <system-out/>
  <testcase classname="tests.log_test" name="correct_information" time="1.691"/>
  <system-out/>
  <testcase classname="tests.log_test" name="wrong_data" time="0.816"/>
  <system-out/>
  <testcase classname="tests.log_test" name="password_only" time="10.870"/>
  <system-out/>
</testsuite> <!-- tests.log_test -->
